\BOOKMARK [1][-]{section*.1}{\376\377\000A\000b\000s\000t\000r\000a\000c\000t}{}% 1
\BOOKMARK [1][-]{section*.2}{\376\377\0001\000.\000\040\000I\000n\000t\000r\000o\000d\000u\000c\000t\000i\000o\000n}{}% 2
\BOOKMARK [2][-]{section*.3}{\376\377\0001\000.\0001\000.\000\040\000P\000e\000r\000c\000e\000p\000t\000r\000o\000n\000s}{section*.2}% 3
\BOOKMARK [2][-]{section*.4}{\376\377\0001\000.\0002\000.\000\040\000S\000i\000g\000m\000o\000i\000d\000\040\000n\000e\000u\000r\000o\000n\000s}{section*.2}% 4
\BOOKMARK [2][-]{section*.5}{\376\377\0001\000.\0003\000.\000\040\000T\000h\000e\000\040\000a\000r\000c\000h\000i\000t\000e\000c\000t\000u\000r\000e\000\040\000o\000f\000\040\000n\000e\000u\000r\000a\000l\000\040\000n\000e\000t\000w\000o\000r\000k\000s}{section*.2}% 5
\BOOKMARK [2][-]{section*.6}{\376\377\0001\000.\0004\000.\000\040\000A\000\040\000s\000i\000m\000p\000l\000e\000\040\000n\000e\000t\000w\000o\000r\000k\000\040\000t\000o\000\040\000c\000l\000a\000s\000s\000i\000f\000y\000\040\000h\000a\000n\000d\000w\000r\000i\000t\000t\000e\000n\000\040\000d\000i\000g\000i\000t\000s}{section*.2}% 6
\BOOKMARK [2][-]{section*.7}{\376\377\0001\000.\0005\000.\000\040\000L\000e\000a\000r\000n\000i\000n\000g\000\040\000w\000i\000t\000h\000\040\000g\000r\000a\000d\000i\000e\000n\000t\000\040\000d\000e\000s\000c\000e\000n\000t}{section*.2}% 7
\BOOKMARK [2][-]{section*.8}{\376\377\0001\000.\0006\000.\000\040\000I\000m\000p\000l\000e\000m\000e\000n\000t\000i\000n\000g\000\040\000o\000u\000r\000\040\000n\000e\000t\000w\000o\000r\000k\000\040\000t\000o\000\040\000c\000l\000a\000s\000s\000i\000f\000y\000\040\000d\000i\000g\000i\000t\000s}{section*.2}% 8
\BOOKMARK [1][-]{section*.9}{\376\377\0002\000.\000\040\000H\000o\000w\000\040\000t\000h\000e\000\040\000b\000a\000c\000k\000p\000r\000o\000p\000a\000g\000a\000t\000i\000o\000n\000\040\000a\000l\000g\000o\000r\000i\000t\000h\000m\000\040\000w\000o\000r\000k\000s}{}% 9
\BOOKMARK [2][-]{section*.10}{\376\377\0002\000.\0001\000.\000\040\000A\000\040\000f\000a\000s\000t\000\040\000m\000a\000t\000r\000i\000x\000-\000b\000a\000s\000e\000d\000\040\000a\000p\000p\000r\000o\000a\000c\000h\000\040\000t\000o\000\040\000c\000o\000m\000p\000u\000t\000i\000n\000g\000\040\000t\000h\000e\000\040\000o\000u\000t\000p\000u\000t\000\040\000f\000r\000o\000m\000\040\000a\000\040\000n\000e\000u\000r\000a\000l\000\040\000n\000e\000t\000w\000o\000r\000k}{section*.9}% 10
\BOOKMARK [2][-]{section*.11}{\376\377\0002\000.\0002\000.\000\040\000T\000h\000e\000\040\000H\000a\000d\000a\000m\000a\000r\000d\000\040\000p\000r\000o\000d\000u\000c\000t\000,\000\040\000\040\000s\000\040\000t\000\040}{section*.9}% 11
\BOOKMARK [2][-]{section*.12}{\376\377\0002\000.\0003\000.\000\040\000T\000h\000e\000\040\000f\000o\000u\000r\000\040\000f\000u\000n\000d\000a\000m\000e\000n\000t\000a\000l\000\040\000e\000q\000u\000a\000t\000i\000o\000n\000s\000\040\000b\000e\000h\000i\000n\000d\000\040\000b\000a\000c\000k\000p\000r\000o\000p\000a\000g\000a\000t\000i\000o\000n}{section*.9}% 12
\BOOKMARK [2][-]{section*.13}{\376\377\0002\000.\0004\000.\000\040\000T\000h\000e\000\040\000b\000a\000c\000k\000p\000r\000o\000p\000a\000g\000a\000t\000i\000o\000n\000\040\000a\000l\000g\000o\000r\000i\000t\000h\000m}{section*.9}% 13
\BOOKMARK [1][-]{section*.14}{\376\377\0003\000.\000\040\000I\000m\000p\000r\000o\000v\000i\000n\000g\000\040\000t\000h\000e\000\040\000w\000a\000y\000\040\000n\000e\000u\000r\000a\000l\000\040\000n\000e\000t\000w\000o\000r\000k\000s\000\040\000l\000e\000a\000r\000n}{}% 14
\BOOKMARK [2][-]{section*.15}{\376\377\0003\000.\0001\000.\000\040\000T\000h\000e\000\040\000c\000r\000o\000s\000s\000-\000e\000n\000t\000r\000o\000p\000y\000\040\000c\000o\000s\000t\000\040\000f\000u\000n\000c\000t\000i\000o\000n}{section*.14}% 15
\BOOKMARK [2][-]{section*.16}{\376\377\0003\000.\0002\000.\000\040\000I\000n\000t\000r\000o\000d\000u\000c\000i\000n\000g\000\040\000t\000h\000e\000\040\000c\000r\000o\000s\000s\000-\000e\000n\000t\000r\000o\000p\000y\000\040\000c\000o\000s\000t\000\040\000f\000u\000n\000c\000t\000i\000o\000n}{section*.14}% 16
\BOOKMARK [2][-]{section*.17}{\376\377\0003\000.\0003\000.\000\040\000S\000o\000f\000t\000m\000a\000x}{section*.14}% 17
\BOOKMARK [2][-]{section*.18}{\376\377\0003\000.\0004\000.\000\040\000O\000v\000e\000r\000f\000i\000t\000t\000i\000n\000g}{section*.14}% 18
\BOOKMARK [2][-]{section*.19}{\376\377\0003\000.\0005\000.\000\040\000R\000e\000g\000u\000l\000a\000r\000i\000z\000a\000t\000i\000o\000n}{section*.14}% 19
\BOOKMARK [2][-]{section*.20}{\376\377\0003\000.\0005\000.\0001\000.\000\040\000O\000t\000h\000e\000r\000\040\000t\000e\000c\000h\000n\000i\000q\000u\000e\000s\000\040\000f\000o\000r\000\040\000r\000e\000g\000u\000l\000a\000r\000i\000z\000a\000t\000i\000o\000n}{section*.14}% 20
\BOOKMARK [3][-]{section*.21}{\376\377\0003\000.\0005\000.\0001\000.\0001\000.\000\040\000L\0001\000\040\000r\000e\000g\000u\000l\000a\000r\000i\000z\000a\000t\000i\000o\000n}{section*.20}% 21
\BOOKMARK [3][-]{section*.22}{\376\377\0003\000.\0005\000.\0001\000.\0002\000.\000\040\000D\000r\000o\000p\000o\000u\000t}{section*.20}% 22
\BOOKMARK [3][-]{section*.23}{\376\377\0003\000.\0006\000.\000\040\000A\000r\000t\000i\000f\000i\000c\000i\000a\000l\000l\000y\000\040\000e\000x\000p\000a\000n\000d\000i\000n\000g\000\040\000t\000h\000e\000\040\000t\000r\000a\000i\000n\000i\000n\000g\000\040\000d\000a\000t\000a}{section*.20}% 23
\BOOKMARK [2][-]{section*.24}{\376\377\0003\000.\0007\000.\000\040\000H\000o\000w\000\040\000t\000o\000\040\000c\000h\000o\000o\000s\000e\000\040\000a\000\040\000n\000e\000u\000r\000a\000l\000\040\000n\000e\000t\000w\000o\000r\000k\000'\000s\000\040\000h\000y\000p\000e\000r\000-\000p\000a\000r\000a\000m\000e\000t\000e\000r\000s\000?}{section*.14}% 24
\BOOKMARK [3][-]{section*.25}{\376\377\0003\000.\0007\000.\0001\000.\000\040\000B\000r\000o\000a\000d\000\040\000s\000t\000r\000a\000t\000e\000g\000y}{section*.24}% 25
\BOOKMARK [3][-]{section*.26}{\376\377\0003\000.\0007\000.\0002\000.\000\040\000L\000e\000a\000r\000n\000i\000n\000g\000\040\000r\000a\000t\000e}{section*.24}% 26
\BOOKMARK [3][-]{section*.27}{\376\377\0003\000.\0007\000.\0003\000.\000\040\000U\000s\000e\000\040\000e\000a\000r\000l\000y\000\040\000s\000t\000o\000p\000p\000i\000n\000g\000\040\000t\000o\000\040\000d\000e\000t\000e\000r\000m\000i\000n\000e\000\040\000t\000h\000e\000\040\000n\000u\000m\000b\000e\000r\000\040\000o\000f\000\040\000t\000r\000a\000i\000n\000i\000n\000g\000\040\000e\000p\000o\000c\000h\000s}{section*.24}% 27
\BOOKMARK [3][-]{section*.28}{\376\377\0003\000.\0007\000.\0004\000.\000\040\000L\000e\000a\000r\000n\000i\000n\000g\000\040\000r\000a\000t\000e\000\040\000s\000c\000h\000e\000d\000u\000l\000e}{section*.24}% 28
\BOOKMARK [3][-]{section*.29}{\376\377\0003\000.\0007\000.\0005\000.\000\040\000T\000h\000e\000\040\000r\000e\000g\000u\000l\000a\000r\000i\000z\000a\000t\000i\000o\000n\000\040\000p\000a\000r\000a\000m\000e\000t\000e\000r}{section*.24}% 29
\BOOKMARK [3][-]{section*.30}{\376\377\0003\000.\0007\000.\0006\000.\000\040\000M\000i\000n\000i\000-\000b\000a\000t\000c\000h\000\040\000s\000i\000z\000e}{section*.24}% 30
\BOOKMARK [2][-]{section*.31}{\376\377\0003\000.\0008\000.\000\040\000O\000t\000h\000e\000r\000\040\000t\000e\000c\000h\000n\000i\000q\000u\000e\000s}{section*.14}% 31
\BOOKMARK [2][-]{section*.34}{\376\377\000O\000t\000h\000e\000r\000\040\000m\000o\000d\000e\000l\000s\000\040\000o\000f\000\040\000a\000r\000t\000i\000f\000i\000c\000i\000a\000l\000\040\000n\000e\000u\000r\000o\000n}{section*.14}% 32
